TN:
SF:/Users/vdslv/Desktop/EPAM HOMEWORK WORKSHOPS/HOMEWORKS/FL12_Webinar_HW15/CreditCardApp/src/polyfills.ts
FNF:0
FNH:0
LF:0
LH:0
BRF:0
BRH:0
end_of_record
TN:
SF:/Users/vdslv/Desktop/EPAM HOMEWORK WORKSHOPS/HOMEWORKS/FL12_Webinar_HW15/CreditCardApp/src/test.ts
FNF:0
FNH:0
DA:18,1
DA:23,1
DA:25,1
LF:3
LH:3
BRF:0
BRH:0
end_of_record
TN:
SF:/Users/vdslv/Desktop/EPAM HOMEWORK WORKSHOPS/HOMEWORKS/FL12_Webinar_HW15/CreditCardApp/src/app/app.component.ts
FN:18,(anonymous_0)
FN:20,(anonymous_1)
FN:29,(anonymous_3)
FN:34,(anonymous_4)
FNF:4
FNH:1
FNDA:1,(anonymous_0)
FNDA:0,(anonymous_1)
FNDA:0,(anonymous_3)
FNDA:0,(anonymous_4)
DA:11,1
DA:13,1
DA:16,1
DA:18,1
DA:21,0
DA:30,0
DA:31,0
DA:35,0
DA:36,0
LF:9
LH:4
BRF:0
BRH:0
end_of_record
TN:
SF:/Users/vdslv/Desktop/EPAM HOMEWORK WORKSHOPS/HOMEWORKS/FL12_Webinar_HW15/CreditCardApp/src/app/credit-card-service/credit-card.service.ts
FN:19,(anonymous_0)
FN:31,(anonymous_1)
FN:69,(anonymous_2)
FN:82,(anonymous_3)
FN:96,(anonymous_4)
FN:102,(anonymous_5)
FN:107,(anonymous_6)
FN:108,(anonymous_7)
FN:112,(anonymous_8)
FN:144,(anonymous_9)
FNF:10
FNH:10
FNDA:7,(anonymous_0)
FNDA:6,(anonymous_1)
FNDA:2,(anonymous_2)
FNDA:4,(anonymous_3)
FNDA:5,(anonymous_4)
FNDA:3,(anonymous_5)
FNDA:6,(anonymous_6)
FNDA:39,(anonymous_7)
FNDA:4,(anonymous_8)
FNDA:18,(anonymous_9)
DA:9,1
DA:11,7
DA:20,7
DA:21,7
DA:32,6
DA:37,6
DA:38,6
DA:39,1
DA:40,1
DA:43,5
DA:44,1
DA:45,1
DA:48,4
DA:49,1
DA:50,1
DA:53,3
DA:54,1
DA:55,1
DA:58,2
DA:59,1
DA:60,1
DA:63,1
DA:64,1
DA:66,1
DA:70,2
DA:71,2
DA:73,2
DA:74,2
DA:75,1
DA:79,1
DA:83,4
DA:84,4
DA:86,4
DA:87,12
DA:88,12
DA:89,3
DA:93,1
DA:97,5
DA:98,5
DA:99,5
DA:103,3
DA:104,3
DA:108,6
DA:109,39
DA:113,4
DA:114,4
DA:115,4
DA:118,4
DA:120,64
DA:122,64
DA:123,10
DA:124,10
DA:127,64
DA:129,64
DA:130,32
DA:132,32
DA:136,4
DA:138,0
DA:141,4
DA:145,18
LF:60
LH:59
BRDA:38,0,0,1
BRDA:38,0,1,5
BRDA:43,1,0,1
BRDA:43,1,1,4
BRDA:48,2,0,1
BRDA:48,2,1,3
BRDA:48,3,0,4
BRDA:48,3,1,4
BRDA:53,4,0,1
BRDA:53,4,1,2
BRDA:58,5,0,1
BRDA:58,5,1,1
BRDA:74,6,0,1
BRDA:74,6,1,1
BRDA:88,7,0,3
BRDA:88,7,1,9
BRDA:99,8,0,4
BRDA:99,8,1,1
BRDA:122,9,0,10
BRDA:122,9,1,54
BRDA:129,10,0,32
BRDA:129,10,1,32
BRDA:136,11,0,0
BRDA:136,11,1,4
BRF:24
BRH:23
end_of_record
TN:
SF:/Users/vdslv/Desktop/EPAM HOMEWORK WORKSHOPS/HOMEWORKS/FL12_Webinar_HW15/CreditCardApp/src/app/static-data/card-errors.ts
FNF:0
FNH:0
DA:1,1
LF:1
LH:1
BRF:0
BRH:0
end_of_record
TN:
SF:/Users/vdslv/Desktop/EPAM HOMEWORK WORKSHOPS/HOMEWORKS/FL12_Webinar_HW15/CreditCardApp/src/app/static-data/card-list.ts
FNF:0
FNH:0
DA:3,1
LF:1
LH:1
BRF:0
BRH:0
end_of_record
